0 info it worked if it ends with ok
1 verbose cli [ '/usr/local/bin/node',
1 verbose cli   '/usr/local/bin/npm',
1 verbose cli   'install',
1 verbose cli   'eventeproxy',
1 verbose cli   'superagent',
1 verbose cli   'cheerio' ]
2 info using npm@1.4.28
3 info using node@v0.10.33
4 warn package.json lesson4@1.0.0 No description
5 warn package.json lesson4@1.0.0 No repository field.
6 warn package.json lesson4@1.0.0 No README data
7 verbose readDependencies using package.json deps
8 verbose cache add [ 'eventeproxy', null ]
9 verbose cache add name=undefined spec="eventeproxy" args=["eventeproxy",null]
10 verbose parsed url { protocol: null,
10 verbose parsed url   slashes: null,
10 verbose parsed url   auth: null,
10 verbose parsed url   host: null,
10 verbose parsed url   port: null,
10 verbose parsed url   hostname: null,
10 verbose parsed url   hash: null,
10 verbose parsed url   search: null,
10 verbose parsed url   query: null,
10 verbose parsed url   pathname: 'eventeproxy',
10 verbose parsed url   path: 'eventeproxy',
10 verbose parsed url   href: 'eventeproxy' }
11 verbose cache add [ 'superagent', null ]
12 verbose cache add name=undefined spec="superagent" args=["superagent",null]
13 verbose parsed url { protocol: null,
13 verbose parsed url   slashes: null,
13 verbose parsed url   auth: null,
13 verbose parsed url   host: null,
13 verbose parsed url   port: null,
13 verbose parsed url   hostname: null,
13 verbose parsed url   hash: null,
13 verbose parsed url   search: null,
13 verbose parsed url   query: null,
13 verbose parsed url   pathname: 'superagent',
13 verbose parsed url   path: 'superagent',
13 verbose parsed url   href: 'superagent' }
14 verbose cache add [ 'cheerio', null ]
15 verbose cache add name=undefined spec="cheerio" args=["cheerio",null]
16 verbose parsed url { protocol: null,
16 verbose parsed url   slashes: null,
16 verbose parsed url   auth: null,
16 verbose parsed url   host: null,
16 verbose parsed url   port: null,
16 verbose parsed url   hostname: null,
16 verbose parsed url   hash: null,
16 verbose parsed url   search: null,
16 verbose parsed url   query: null,
16 verbose parsed url   pathname: 'cheerio',
16 verbose parsed url   path: 'cheerio',
16 verbose parsed url   href: 'cheerio' }
17 silly lockFile cfa12e2c-eventeproxy eventeproxy
18 verbose lock eventeproxy /root/.npm/cfa12e2c-eventeproxy.lock
19 silly lockFile 64ec20d5-superagent superagent
20 verbose lock superagent /root/.npm/64ec20d5-superagent.lock
21 silly lockFile efb58830-cheerio cheerio
22 verbose lock cheerio /root/.npm/efb58830-cheerio.lock
23 silly lockFile cfa12e2c-eventeproxy eventeproxy
24 silly lockFile cfa12e2c-eventeproxy eventeproxy
25 silly lockFile 64ec20d5-superagent superagent
26 silly lockFile 64ec20d5-superagent superagent
27 silly lockFile efb58830-cheerio cheerio
28 silly lockFile efb58830-cheerio cheerio
29 verbose addNamed [ 'eventeproxy', '' ]
30 verbose addNamed [ null, '*' ]
31 silly lockFile 29008de0-eventeproxy eventeproxy@
32 verbose lock eventeproxy@ /root/.npm/29008de0-eventeproxy.lock
33 verbose addNamed [ 'superagent', '' ]
34 verbose addNamed [ null, '*' ]
35 silly lockFile 0e56af53-superagent superagent@
36 verbose lock superagent@ /root/.npm/0e56af53-superagent.lock
37 verbose addNamed [ 'cheerio', '' ]
38 verbose addNamed [ null, '*' ]
39 silly lockFile 8cd5cc09-cheerio cheerio@
40 verbose lock cheerio@ /root/.npm/8cd5cc09-cheerio.lock
41 silly addNameRange { name: 'eventeproxy', range: '*', hasData: false }
42 silly addNameRange { name: 'superagent', range: '*', hasData: false }
43 silly addNameRange { name: 'cheerio', range: '*', hasData: false }
44 verbose request where is /eventeproxy
45 verbose request registry https://registry.npmjs.org/
46 verbose request id 9cec116c3ae3df81
47 verbose url raw /eventeproxy
48 verbose url resolving [ 'https://registry.npmjs.org/', './eventeproxy' ]
49 verbose url resolved https://registry.npmjs.org/eventeproxy
50 verbose request where is https://registry.npmjs.org/eventeproxy
51 info trying registry request attempt 1 at 20:17:14
52 http GET https://registry.npmjs.org/eventeproxy
53 verbose request where is /superagent
54 verbose request registry https://registry.npmjs.org/
55 verbose url raw /superagent
56 verbose url resolving [ 'https://registry.npmjs.org/', './superagent' ]
57 verbose url resolved https://registry.npmjs.org/superagent
58 verbose request where is https://registry.npmjs.org/superagent
59 info trying registry request attempt 1 at 20:17:14
60 http GET https://registry.npmjs.org/superagent
61 verbose request where is /cheerio
62 verbose request registry https://registry.npmjs.org/
63 verbose url raw /cheerio
64 verbose url resolving [ 'https://registry.npmjs.org/', './cheerio' ]
65 verbose url resolved https://registry.npmjs.org/cheerio
66 verbose request where is https://registry.npmjs.org/cheerio
67 info trying registry request attempt 1 at 20:17:14
68 http GET https://registry.npmjs.org/cheerio
69 http 404 https://registry.npmjs.org/eventeproxy
70 verbose headers { date: 'Fri, 14 Nov 2014 04:17:15 GMT',
70 verbose headers   server: 'CouchDB/1.5.0 (Erlang OTP/R16B03)',
70 verbose headers   'content-type': 'application/json',
70 verbose headers   'cache-control': 'max-age=0',
70 verbose headers   'content-length': '52',
70 verbose headers   'accept-ranges': 'bytes',
70 verbose headers   via: '1.1 varnish',
70 verbose headers   age: '0',
70 verbose headers   'x-served-by': 'cache-ty67-TYO',
70 verbose headers   'x-cache': 'MISS',
70 verbose headers   'x-cache-hits': '0',
70 verbose headers   'x-timer': 'S1415938635.052492,VS0,VE130',
70 verbose headers   'keep-alive': 'timeout=10, max=50',
70 verbose headers   connection: 'Keep-Alive' }
71 silly registry.get cb [ 404,
71 silly registry.get   { date: 'Fri, 14 Nov 2014 04:17:15 GMT',
71 silly registry.get     server: 'CouchDB/1.5.0 (Erlang OTP/R16B03)',
71 silly registry.get     'content-type': 'application/json',
71 silly registry.get     'cache-control': 'max-age=0',
71 silly registry.get     'content-length': '52',
71 silly registry.get     'accept-ranges': 'bytes',
71 silly registry.get     via: '1.1 varnish',
71 silly registry.get     age: '0',
71 silly registry.get     'x-served-by': 'cache-ty67-TYO',
71 silly registry.get     'x-cache': 'MISS',
71 silly registry.get     'x-cache-hits': '0',
71 silly registry.get     'x-timer': 'S1415938635.052492,VS0,VE130',
71 silly registry.get     'keep-alive': 'timeout=10, max=50',
71 silly registry.get     connection: 'Keep-Alive' } ]
72 silly lockFile 29008de0-eventeproxy eventeproxy@
73 silly lockFile 29008de0-eventeproxy eventeproxy@
74 http 200 https://registry.npmjs.org/cheerio
75 silly registry.get cb [ 200,
75 silly registry.get   { date: 'Fri, 14 Nov 2014 04:17:15 GMT',
75 silly registry.get     server: 'CouchDB/1.5.0 (Erlang OTP/R16B03)',
75 silly registry.get     etag: '"5RC14VZCXQUYUTYXITBE1UZDX"',
75 silly registry.get     'content-type': 'application/json',
75 silly registry.get     'cache-control': 'max-age=60',
75 silly registry.get     'content-length': '89620',
75 silly registry.get     'accept-ranges': 'bytes',
75 silly registry.get     via: '1.1 varnish',
75 silly registry.get     age: '0',
75 silly registry.get     'x-served-by': 'cache-ty68-TYO',
75 silly registry.get     'x-cache': 'HIT',
75 silly registry.get     'x-cache-hits': '1',
75 silly registry.get     'x-timer': 'S1415938635.125194,VS0,VE134',
75 silly registry.get     vary: 'Accept',
75 silly registry.get     'keep-alive': 'timeout=10, max=50',
75 silly registry.get     connection: 'Keep-Alive' } ]
76 silly addNameRange number 2 { name: 'cheerio', range: '*', hasData: true }
77 silly addNameRange versions [ 'cheerio',
77 silly addNameRange   [ '0.0.1',
77 silly addNameRange     '0.0.2',
77 silly addNameRange     '0.0.3',
77 silly addNameRange     '0.0.4',
77 silly addNameRange     '0.1.1',
77 silly addNameRange     '0.1.2',
77 silly addNameRange     '0.1.3',
77 silly addNameRange     '0.1.4',
77 silly addNameRange     '0.1.5',
77 silly addNameRange     '0.2.0',
77 silly addNameRange     '0.2.1',
77 silly addNameRange     '0.2.2',
77 silly addNameRange     '0.3.0',
77 silly addNameRange     '0.3.1',
77 silly addNameRange     '0.3.2',
77 silly addNameRange     '0.4.0',
77 silly addNameRange     '0.4.1',
77 silly addNameRange     '0.4.2',
77 silly addNameRange     '0.5.0',
77 silly addNameRange     '0.5.1',
77 silly addNameRange     '0.5.2',
77 silly addNameRange     '0.6.0',
77 silly addNameRange     '0.6.1',
77 silly addNameRange     '0.6.2',
77 silly addNameRange     '0.7.0',
77 silly addNameRange     '0.8.0',
77 silly addNameRange     '0.8.1',
77 silly addNameRange     '0.8.2',
77 silly addNameRange     '0.8.3',
77 silly addNameRange     '0.9.0',
77 silly addNameRange     '0.9.1',
77 silly addNameRange     '0.9.2',
77 silly addNameRange     '0.10.0',
77 silly addNameRange     '0.10.1',
77 silly addNameRange     '0.10.2',
77 silly addNameRange     '0.10.3',
77 silly addNameRange     '0.10.4',
77 silly addNameRange     '0.10.5',
77 silly addNameRange     '0.10.6',
77 silly addNameRange     '0.10.7',
77 silly addNameRange     '0.10.8',
77 silly addNameRange     '0.11.0',
77 silly addNameRange     '0.12.0',
77 silly addNameRange     '0.12.1',
77 silly addNameRange     '0.12.2',
77 silly addNameRange     '0.12.3',
77 silly addNameRange     '0.12.4',
77 silly addNameRange     '0.13.0',
77 silly addNameRange     '0.13.1',
77 silly addNameRange     '0.14.0',
77 silly addNameRange     '0.15.0',
77 silly addNameRange     '0.16.0',
77 silly addNameRange     '0.17.0',
77 silly addNameRange     '0.18.0' ] ]
78 verbose addNamed [ 'cheerio', '0.18.0' ]
79 verbose addNamed [ '0.18.0', '0.18.0' ]
80 silly lockFile 6b7368ff-cheerio-0-18-0 cheerio@0.18.0
81 verbose lock cheerio@0.18.0 /root/.npm/6b7368ff-cheerio-0-18-0.lock
82 silly lockFile c76bcb48-s-org-cheerio-cheerio-0-18-0-tgz https://registry.npmjs.org/cheerio/-/cheerio-0.18.0.tgz
83 verbose lock https://registry.npmjs.org/cheerio/-/cheerio-0.18.0.tgz /root/.npm/c76bcb48-s-org-cheerio-cheerio-0-18-0-tgz.lock
84 verbose addRemoteTarball [ 'https://registry.npmjs.org/cheerio/-/cheerio-0.18.0.tgz',
84 verbose addRemoteTarball   '4e1c06377e725b740e996e0dfec353863de677fa' ]
85 info retry fetch attempt 1 at 20:17:15
86 verbose fetch to= /tmp/npm-25012-9GNPzhjj/registry.npmjs.org/cheerio/-/cheerio-0.18.0.tgz
87 http GET https://registry.npmjs.org/cheerio/-/cheerio-0.18.0.tgz
88 http 200 https://registry.npmjs.org/superagent
89 silly registry.get cb [ 200,
89 silly registry.get   { date: 'Fri, 14 Nov 2014 04:17:17 GMT',
89 silly registry.get     server: 'CouchDB/1.5.0 (Erlang OTP/R16B03)',
89 silly registry.get     etag: '"2HY6S0DLFA83OBG4BM0O8HWBH"',
89 silly registry.get     'content-type': 'application/json',
89 silly registry.get     'cache-control': 'max-age=60',
89 silly registry.get     'content-length': '77089',
89 silly registry.get     'accept-ranges': 'bytes',
89 silly registry.get     via: '1.1 varnish',
89 silly registry.get     age: '0',
89 silly registry.get     'x-served-by': 'cache-ty67-TYO',
89 silly registry.get     'x-cache': 'HIT',
89 silly registry.get     'x-cache-hits': '1',
89 silly registry.get     'x-timer': 'S1415938637.218663,VS0,VE121',
89 silly registry.get     vary: 'Accept',
89 silly registry.get     'keep-alive': 'timeout=10, max=50',
89 silly registry.get     connection: 'Keep-Alive' } ]
90 silly addNameRange number 2 { name: 'superagent', range: '*', hasData: true }
91 silly addNameRange versions [ 'superagent',
91 silly addNameRange   [ '0.1.1',
91 silly addNameRange     '0.1.2',
91 silly addNameRange     '0.1.3',
91 silly addNameRange     '0.2.0',
91 silly addNameRange     '0.3.0',
91 silly addNameRange     '0.4.0',
91 silly addNameRange     '0.4.1',
91 silly addNameRange     '0.4.2',
91 silly addNameRange     '0.4.3',
91 silly addNameRange     '0.5.0',
91 silly addNameRange     '0.5.1',
91 silly addNameRange     '0.6.0',
91 silly addNameRange     '0.7.0',
91 silly addNameRange     '0.8.0',
91 silly addNameRange     '0.8.1',
91 silly addNameRange     '0.8.2',
91 silly addNameRange     '0.9.0',
91 silly addNameRange     '0.9.1',
91 silly addNameRange     '0.9.2',
91 silly addNameRange     '0.9.3',
91 silly addNameRange     '0.9.4',
91 silly addNameRange     '0.9.5',
91 silly addNameRange     '0.9.6',
91 silly addNameRange     '0.9.7',
91 silly addNameRange     '0.9.8',
91 silly addNameRange     '0.9.9',
91 silly addNameRange     '0.9.10',
91 silly addNameRange     '0.10.0',
91 silly addNameRange     '0.11.0',
91 silly addNameRange     '0.12.0',
91 silly addNameRange     '0.12.1',
91 silly addNameRange     '0.12.2',
91 silly addNameRange     '0.12.3',
91 silly addNameRange     '0.12.4',
91 silly addNameRange     '0.13.0',
91 silly addNameRange     '0.14.0',
91 silly addNameRange     '0.14.1',
91 silly addNameRange     '0.14.2',
91 silly addNameRange     '0.14.3',
91 silly addNameRange     '0.14.4',
91 silly addNameRange     '0.14.5',
91 silly addNameRange     '0.14.6',
91 silly addNameRange     '0.14.7',
91 silly addNameRange     '0.14.8',
91 silly addNameRange     '0.14.9',
91 silly addNameRange     '0.15.0',
91 silly addNameRange     '0.15.1',
91 silly addNameRange     '0.15.2',
91 silly addNameRange     '0.15.3',
91 silly addNameRange     '0.15.4',
91 silly addNameRange     '0.15.5',
91 silly addNameRange     '0.15.6',
91 silly addNameRange     '0.15.7',
91 silly addNameRange     '0.16.0',
91 silly addNameRange     '0.17.0',
91 silly addNameRange     '0.18.0',
91 silly addNameRange     '0.18.1',
91 silly addNameRange     '0.18.2',
91 silly addNameRange     '0.19.0',
91 silly addNameRange     '0.19.1',
91 silly addNameRange     '0.20.0',
91 silly addNameRange     '0.21.0' ] ]
92 verbose addNamed [ 'superagent', '0.21.0' ]
93 verbose addNamed [ '0.21.0', '0.21.0' ]
94 silly lockFile eb840cd2-superagent-0-21-0 superagent@0.21.0
95 verbose lock superagent@0.21.0 /root/.npm/eb840cd2-superagent-0-21-0.lock
96 silly lockFile 208c6090-superagent-superagent-0-21-0-tgz https://registry.npmjs.org/superagent/-/superagent-0.21.0.tgz
97 verbose lock https://registry.npmjs.org/superagent/-/superagent-0.21.0.tgz /root/.npm/208c6090-superagent-superagent-0-21-0-tgz.lock
98 verbose addRemoteTarball [ 'https://registry.npmjs.org/superagent/-/superagent-0.21.0.tgz',
98 verbose addRemoteTarball   'fb15027984751ee7152200e6cd21cd6e19a5de87' ]
99 info retry fetch attempt 1 at 20:17:17
100 verbose fetch to= /tmp/npm-25012-9GNPzhjj/registry.npmjs.org/superagent/-/superagent-0.21.0.tgz
101 http GET https://registry.npmjs.org/superagent/-/superagent-0.21.0.tgz
102 http 200 https://registry.npmjs.org/cheerio/-/cheerio-0.18.0.tgz
103 silly lockFile c76bcb48-s-org-cheerio-cheerio-0-18-0-tgz https://registry.npmjs.org/cheerio/-/cheerio-0.18.0.tgz
104 silly lockFile c76bcb48-s-org-cheerio-cheerio-0-18-0-tgz https://registry.npmjs.org/cheerio/-/cheerio-0.18.0.tgz
105 silly lockFile 6b7368ff-cheerio-0-18-0 cheerio@0.18.0
106 silly lockFile 6b7368ff-cheerio-0-18-0 cheerio@0.18.0
107 silly lockFile 8cd5cc09-cheerio cheerio@
108 silly lockFile 8cd5cc09-cheerio cheerio@
109 http 200 https://registry.npmjs.org/superagent/-/superagent-0.21.0.tgz
110 silly lockFile 208c6090-superagent-superagent-0-21-0-tgz https://registry.npmjs.org/superagent/-/superagent-0.21.0.tgz
111 silly lockFile 208c6090-superagent-superagent-0-21-0-tgz https://registry.npmjs.org/superagent/-/superagent-0.21.0.tgz
112 silly lockFile eb840cd2-superagent-0-21-0 superagent@0.21.0
113 silly lockFile eb840cd2-superagent-0-21-0 superagent@0.21.0
114 silly lockFile 0e56af53-superagent superagent@
115 silly lockFile 0e56af53-superagent superagent@
116 error 404 404 Not Found: eventeproxy
116 error 404
116 error 404 'eventeproxy' is not in the npm registry.
116 error 404 You should bug the author to publish it
116 error 404 It was specified as a dependency of 'lesson4'
116 error 404
116 error 404 Note that you can also install from a
116 error 404 tarball, folder, or http url, or git url.
117 error System Linux 3.2.0-23-generic-pae
118 error command "/usr/local/bin/node" "/usr/local/bin/npm" "install" "eventeproxy" "superagent" "cheerio"
119 error cwd /node/node-lessons/lesson4
120 error node -v v0.10.33
121 error npm -v 1.4.28
122 error code E404
123 verbose exit [ 1, true ]
